Added Component: Designator=Rcs(C1608-0603)
Added Component: Designator=Rsdo(C1608-0603)
Added Component: Designator=U1(L3G4200D)
Added Pin To Net: NetName=VCC Pin=Rcs-1
Added Pin To Net: NetName=CS Pin=Rcs-2
Added Pin To Net: NetName=GND Pin=Rsdo-1
Added Pin To Net: NetName=SDO/SA0 Pin=Rsdo-2
Added Pin To Net: NetName=VCC Pin=U1-1
Added Pin To Net: NetName=SCL/SPC Pin=U1-2
Added Pin To Net: NetName=SDA/SDI/SDO Pin=U1-3
Added Pin To Net: NetName=SDO/SA0 Pin=U1-4
Added Pin To Net: NetName=CS Pin=U1-5
Added Pin To Net: NetName=DRDY/INT2 Pin=U1-6
Added Pin To Net: NetName=INT1 Pin=U1-7
Added Pin To Net: NetName=GND Pin=U1-8
Added Pin To Net: NetName=GND Pin=U1-9
Added Pin To Net: NetName=GND Pin=U1-10
Added Pin To Net: NetName=GND Pin=U1-11
Added Pin To Net: NetName=GND Pin=U1-12
Added Pin To Net: NetName=GND Pin=U1-13
Added Pin To Net: NetName=NetC1_2 Pin=U1-14
Added Pin To Net: NetName=VCC Pin=U1-15
Added Pin To Net: NetName=VCC Pin=U1-16
Added Member To Class: ClassName=giro Member=Component Rcs Res3
Added Member To Class: ClassName=giro Member=Component Rsdo Res3
Added Member To Class: ClassName=giro Member=Component U1 L3G4200D
