Added Component: Designator=C1(0603)
Added Component: Designator=C2(0603)
Added Component: Designator=C3(0603)
Added Component: Designator=C4(0603)
Added Component: Designator=P1(HDR1X8)
Added Component: Designator=R1(0603)
Added Component: Designator=Rpu1(0603)
Added Component: Designator=Rpu2(0603)
Added Component: Designator=U1(L3G4200D)
Added Pin To Net: NetName=CS Pin=P1-6
Added Pin To Net: NetName=CS Pin=U1-5
Added Net: Name=CS
Added Pin To Net: NetName=DRDY/INT2 Pin=P1-7
Added Pin To Net: NetName=DRDY/INT2 Pin=U1-6
Added Net: Name=DRDY/INT2
Added Pin To Net: NetName=GND Pin=C1-1
Added Pin To Net: NetName=GND Pin=C2-2
Added Pin To Net: NetName=GND Pin=C3-2
Added Pin To Net: NetName=GND Pin=C4-2
Added Pin To Net: NetName=GND Pin=P1-2
Added Pin To Net: NetName=GND Pin=U1-8
Added Pin To Net: NetName=GND Pin=U1-9
Added Pin To Net: NetName=GND Pin=U1-10
Added Pin To Net: NetName=GND Pin=U1-11
Added Pin To Net: NetName=GND Pin=U1-12
Added Pin To Net: NetName=GND Pin=U1-13
Added Net: Name=GND
Added Pin To Net: NetName=INT1 Pin=P1-8
Added Net: Name=INT1
Added Pin To Net: NetName=NetC2_1 Pin=C2-1
Added Pin To Net: NetName=NetC2_1 Pin=R1-2
Added Net: Name=NetC2_1
Added Pin To Net: NetName=NetRpu1_2 Pin=Rpu1-2
Added Pin To Net: NetName=NetRpu1_2 Pin=U1-2
Added Net: Name=NetRpu1_2
Added Pin To Net: NetName=SCL/SPC Pin=P1-3
Added Net: Name=SCL/SPC
Added Pin To Net: NetName=SDA/SDI/SDO Pin=P1-4
Added Pin To Net: NetName=SDA/SDI/SDO Pin=Rpu2-2
Added Pin To Net: NetName=SDA/SDI/SDO Pin=U1-3
Added Net: Name=SDA/SDI/SDO
Added Pin To Net: NetName=SDO/SA0 Pin=P1-5
Added Pin To Net: NetName=SDO/SA0 Pin=U1-4
Added Net: Name=SDO/SA0
Added Pin To Net: NetName=VCC Pin=C1-2
Added Pin To Net: NetName=VCC Pin=C3-1
Added Pin To Net: NetName=VCC Pin=C4-1
Added Pin To Net: NetName=VCC Pin=P1-1
Added Pin To Net: NetName=VCC Pin=R1-1
Added Pin To Net: NetName=VCC Pin=Rpu1-1
Added Pin To Net: NetName=VCC Pin=Rpu2-1
Added Pin To Net: NetName=VCC Pin=U1-1
Added Pin To Net: NetName=VCC Pin=U1-14
Added Pin To Net: NetName=VCC Pin=U1-15
Added Pin To Net: NetName=VCC Pin=U1-16
Added Net: Name=VCC
Added Class: Name=giro
